Started GET "/" for ::1 at 2021-11-21 15:16:01 +0700
Processing by Rails::WelcomeController#index as HTML
  Rendering C:/Ruby27-x64/lib/ruby/gems/2.7.0/gems/railties-5.1.7/lib/rails/templates/rails/welcome/index.html.erb
  Rendered C:/Ruby27-x64/lib/ruby/gems/2.7.0/gems/railties-5.1.7/lib/rails/templates/rails/welcome/index.html.erb (11.0ms)
Completed 200 OK in 2030ms (Views: 113.2ms)


Started GET "/" for ::1 at 2021-11-21 20:34:20 +0700
Processing by Rails::WelcomeController#index as HTML
  Rendering C:/Ruby27-x64/lib/ruby/gems/2.7.0/gems/railties-5.1.7/lib/rails/templates/rails/welcome/index.html.erb
  Rendered C:/Ruby27-x64/lib/ruby/gems/2.7.0/gems/railties-5.1.7/lib/rails/templates/rails/welcome/index.html.erb (12.0ms)
Completed 200 OK in 1840ms (Views: 106.9ms)


Started GET "/" for ::1 at 2021-12-17 03:36:07 +0700
Processing by Rails::WelcomeController#index as HTML
  Rendering C:/Ruby27-x64/lib/ruby/gems/2.7.0/gems/railties-5.1.7/lib/rails/templates/rails/welcome/index.html.erb
  Rendered C:/Ruby27-x64/lib/ruby/gems/2.7.0/gems/railties-5.1.7/lib/rails/templates/rails/welcome/index.html.erb (21.0ms)
Completed 200 OK in 2738ms (Views: 90.2ms)


Started GET "/" for ::1 at 2021-12-17 03:57:48 +0700
Processing by PostsController#index as HTML
  Rendering posts/index.html.erb within layouts/application
  Rendered posts/index.html.erb within layouts/application (0.0ms)
Completed 200 OK in 6136ms (Views: 6128.7ms)


Started GET "/" for ::1 at 2021-12-17 03:59:20 +0700
Processing by PostsController#index as HTML
  Rendering posts/index.html.erb within layouts/application
  Rendered posts/index.html.erb within layouts/application (1.0ms)
Completed 200 OK in 120ms (Views: 114.0ms)


Started GET "/readmi" for ::1 at 2021-12-17 04:13:32 +0700
  
ActionController::RoutingError (No route matches [GET] "/readmi"):
  
actionpack (5.1.7) lib/action_dispatch/middleware/debug_exceptions.rb:63:in `call'
web-console (3.7.0) lib/web_console/middleware.rb:135:in `call_app'
web-console (3.7.0) lib/web_console/middleware.rb:30:in `block in call'
web-console (3.7.0) lib/web_console/middleware.rb:20:in `catch'
web-console (3.7.0) lib/web_console/middleware.rb:20:in `call'
actionpack (5.1.7) lib/action_dispatch/middleware/show_exceptions.rb:31:in `call'
railties (5.1.7) lib/rails/rack/logger.rb:36:in `call_app'
railties (5.1.7) lib/rails/rack/logger.rb:24:in `block in call'
activesupport (5.1.7) lib/active_support/tagged_logging.rb:69:in `block in tagged'
activesupport (5.1.7) lib/active_support/tagged_logging.rb:26:in `tagged'
activesupport (5.1.7) lib/active_support/tagged_logging.rb:69:in `tagged'
railties (5.1.7) lib/rails/rack/logger.rb:24:in `call'
sprockets-rails (3.2.2) lib/sprockets/rails/quiet_assets.rb:13:in `call'
actionpack (5.1.7) lib/action_dispatch/middleware/remote_ip.rb:79:in `call'
actionpack (5.1.7) lib/action_dispatch/middleware/request_id.rb:25:in `call'
rack (2.2.3) lib/rack/method_override.rb:24:in `call'
rack (2.2.3) lib/rack/runtime.rb:22:in `call'
activesupport (5.1.7) lib/active_support/cache/strategy/local_cache_middleware.rb:27:in `call'
actionpack (5.1.7) lib/action_dispatch/middleware/executor.rb:12:in `call'
actionpack (5.1.7) lib/action_dispatch/middleware/static.rb:125:in `call'
rack (2.2.3) lib/rack/sendfile.rb:110:in `call'
railties (5.1.7) lib/rails/engine.rb:522:in `call'
puma (3.12.6) lib/puma/configuration.rb:227:in `call'
puma (3.12.6) lib/puma/server.rb:706:in `handle_request'
puma (3.12.6) lib/puma/server.rb:476:in `process_client'
puma (3.12.6) lib/puma/server.rb:334:in `block in run'
puma (3.12.6) lib/puma/thread_pool.rb:135:in `block in spawn_thread'
Started GET "/readmi" for ::1 at 2021-12-17 04:15:15 +0700
Processing by PagesController#readmi as HTML
  Rendering pages/readmi.html.erb within layouts/application
  Rendered pages/readmi.html.erb within layouts/application (1.0ms)
Completed 200 OK in 601ms (Views: 595.6ms)


Started GET "/" for ::1 at 2021-12-17 04:15:20 +0700
Processing by PostsController#index as HTML
  Rendering posts/index.html.erb within layouts/application
  Rendered posts/index.html.erb within layouts/application (1.0ms)
Completed 200 OK in 129ms (Views: 123.8ms)


Started GET "/readmi" for ::1 at 2021-12-17 04:15:24 +0700
Processing by PagesController#readmi as HTML
  Rendering pages/readmi.html.erb within layouts/application
  Rendered pages/readmi.html.erb within layouts/application (1.0ms)
Completed 200 OK in 130ms (Views: 124.6ms)


